[    0.000000] Linux version 4.15.0-212-generic (buildd@lcy02-amd64-083) (gcc version 7.5.0 (Ubuntu 7.5.0-3ubuntu1~18.04)) #223-Ubuntu SMP Tue May 23 13:09:22 UTC 2023 (Ubuntu 4.15.0-212.223-generic 4.15.18)
[    0.000000] Command line: BOOT_IMAGE=/boot/vmlinuz-4.15.0-212-generic root=LABEL=cloudimg-rootfs ro console=tty1 console=ttyS0
[    0.000000] KERNEL supported cpus:
[    0.000000]   Intel GenuineIntel
[    0.000000]   AMD AuthenticAMD
[    0.000000]   Centaur CentaurHauls
[    0.000000] x86/fpu: Supporting XSAVE feature 0x001: 'x87 floating point registers'
[    0.000000] x86/fpu: Supporting XSAVE feature 0x002: 'SSE registers'
[    0.000000] x86/fpu: Supporting XSAVE feature 0x004: 'AVX registers'
[    0.000000] x86/fpu: xstate_offset[2]:  576, xstate_sizes[2]:  256
[    0.000000] x86/fpu: Enabled xstate features 0x7, context size is 832 bytes, using 'standard' format.
[    0.000000] e820: BIOS-provided physical RAM map:
[    0.000000] BIOS-e820: [mem 0x0000000000000000-0x000000000009fbff] usable
[    0.000000] BIOS-e820: [mem 0x000000000009fc00-0x000000000009ffff] reserved
[    0.000000] BIOS-e820: [mem 0x00000000000f0000-0x00000000000fffff] reserved
[    0.000000] BIOS-e820: [mem 0x0000000000100000-0x000000003ffeffff] usable
[    0.000000] BIOS-e820: [mem 0x000000003fff0000-0x000000003fffffff] ACPI data
[    0.000000] BIOS-e820: [mem 0x00000000fec00000-0x00000000fec00fff] reserved
[    0.000000] BIOS-e820: [mem 0x00000000fee00000-0x00000000fee00fff] reserved
[    0.000000] BIOS-e820: [mem 0x00000000fffc0000-0x00000000ffffffff] reserved
[    0.000000] NX (Execute Disable) protection: active
[    0.000000] SMBIOS 2.5 present.
[    0.000000] DMI: innotek GmbH VirtualBox/VirtualBox, BIOS VirtualBox 12/01/2006
[    0.000000] Hypervisor detected: KVM
[    0.000000] e820: last_pfn = 0x3fff0 max_arch_pfn = 0x400000000
[    0.000000] MTRR: Disabled
[    0.000000] x86/PAT: MTRRs disabled, skipping PAT initialization too.
[    0.000000] CPU MTRRs all blank - virtualized system.
[    0.000000] x86/PAT: Configuration [0-7]: WB  WT  UC- UC  WB  WT  UC- UC  
[    0.000000] found SMP MP-table at [mem 0x0009fff0-0x0009ffff]
[    0.000000] Scanning 1 areas for low memory corruption
[    0.000000] RAMDISK: [mem 0x359cb000-0x36cdcfff]
[    0.000000] ACPI: Early table checksum verification disabled
[    0.000000] ACPI: RSDP 0x00000000000E0000 000024 (v02 VBOX  )
[    0.000000] ACPI: XSDT 0x000000003FFF0030 00003C (v01 VBOX   VBOXXSDT 00000001 ASL  00000061)
[    0.000000] ACPI: FACP 0x000000003FFF00F0 0000F4 (v04 VBOX   VBOXFACP 00000001 ASL  00000061)
[    0.000000] ACPI: DSDT 0x000000003FFF0610 002353 (v02 VBOX   VBOXBIOS 00000002 INTL 20210930)
[    0.000000] ACPI: FACS 0x000000003FFF0200 000040
[    0.000000] ACPI: FACS 0x000000003FFF0200 000040
[    0.000000] ACPI: APIC 0x000000003FFF0240 00005C (v02 VBOX   VBOXAPIC 00000001 ASL  00000061)
[    0.000000] ACPI: SSDT 0x000000003FFF02A0 00036C (v01 VBOX   VBOXCPUT 00000002 INTL 20210930)
[    0.000000] ACPI: Reserving FACP table memory at [mem 0x3fff00f0-0x3fff01e3]
[    0.000000] ACPI: Reserving DSDT table memory at [mem 0x3fff0610-0x3fff2962]
[    0.000000] ACPI: Reserving FACS table memory at [mem 0x3fff0200-0x3fff023f]
[    0.000000] ACPI: Reserving FACS table memory at [mem 0x3fff0200-0x3fff023f]
[    0.000000] ACPI: Reserving APIC table memory at [mem 0x3fff0240-0x3fff029b]
[    0.000000] ACPI: Reserving SSDT table memory at [mem 0x3fff02a0-0x3fff060b]
[    0.000000] No NUMA configuration found
[    0.000000] Faking a node at [mem 0x0000000000000000-0x000000003ffeffff]
[    0.000000] NODE_DATA(0) allocated [mem 0x3ffc5000-0x3ffeffff]
[    0.000000] kvm-clock: cpu 0, msr 0:3ff44001, primary cpu clock
[    0.000000] kvm-clock: Using msrs 4b564d01 and 4b564d00
[    0.000000] kvm-clock: using sched offset of 4002561564 cycles
[    0.000000] clocksource: kvm-clock: mask: 0xffffffffffffffff max_cycles: 0x1cd42e4dffb, max_idle_ns: 881590591483 ns
[    0.000000] Zone ranges:
[    0.000000]   DMA      [mem 0x0000000000001000-0x0000000000ffffff]
[    0.000000]   DMA32    [mem 0x0000000001000000-0x000000003ffeffff]
[    0.000000]   Normal   empty
[    0.000000]   Device   empty
[    0.000000] Movable zone start for each node
[    0.000000] Early memory node ranges
[    0.000000]   node   0: [mem 0x0000000000001000-0x000000000009efff]
[    0.000000]   node   0: [mem 0x0000000000100000-0x000000003ffeffff]
[    0.000000] Reserved but unavailable: 104 pages
[    0.000000] Initmem setup node 0 [mem 0x0000000000001000-0x000000003ffeffff]
[    0.000000] ACPI: PM-Timer IO Port: 0x4008
[    0.000000] IOAPIC[0]: apic_id 2, version 32, address 0xfec00000, GSI 0-23
[    0.000000] ACPI: INT_SRC_OVR (bus 0 bus_irq 0 global_irq 2 dfl dfl)
[    0.000000] ACPI: INT_SRC_OVR (bus 0 bus_irq 9 global_irq 9 low level)
[    0.000000] Using ACPI (MADT) for SMP configuration information
[    0.000000] smpboot: Allowing 2 CPUs, 0 hotplug CPUs
[    0.000000] PM: Registered nosave memory: [mem 0x00000000-0x00000fff]
[    0.000000] PM: Registered nosave memory: [mem 0x0009f000-0x0009ffff]
[    0.000000] PM: Registered nosave memory: [mem 0x000a0000-0x000effff]
[    0.000000] PM: Registered nosave memory: [mem 0x000f0000-0x000fffff]
[    0.000000] e820: [mem 0x40000000-0xfebfffff] available for PCI devices
[    0.000000] Booting paravirtualized kernel on KVM
[    0.000000] clocksource: refined-jiffies: mask: 0xffffffff max_cycles: 0xffffffff, max_idle_ns: 7645519600211568 ns
[    0.000000] setup_percpu: NR_CPUS:8192 nr_cpumask_bits:2 nr_cpu_ids:2 nr_node_ids:1
[    0.000000] percpu: Embedded 50 pages/cpu s167936 r8192 d28672 u1048576
[    0.000000] PV qspinlock hash table entries: 256 (order: 0, 4096 bytes)
[    0.000000] Built 1 zonelists, mobility grouping on.  Total pages: 257913
[    0.000000] Policy zone: DMA32
[    0.000000] Kernel command line: BOOT_IMAGE=/boot/vmlinuz-4.15.0-212-generic root=LABEL=cloudimg-rootfs ro console=tty1 console=ttyS0
[    0.000000] Memory: 982644K/1048120K available (12300K kernel code, 2477K rwdata, 4324K rodata, 2480K init, 2720K bss, 65476K reserved, 0K cma-reserved)
[    0.000000] SLUB: HWalign=64, Order=0-3, MinObjects=0, CPUs=2, Nodes=1
[    0.000000] Kernel/User page tables isolation: enabled
[    0.000000] ftrace: allocating 39508 entries in 155 pages
[    0.004000] Hierarchical RCU implementation.
[    0.004000] 	RCU restricting CPUs from NR_CPUS=8192 to nr_cpu_ids=2.
[    0.004000] 	Tasks RCU enabled.
[    0.004000] RCU: Adjusting geometry for rcu_fanout_leaf=16, nr_cpu_ids=2
[    0.004000] NR_IRQS: 524544, nr_irqs: 440, preallocated irqs: 16
[    0.004000] random: crng init done
[    0.004000] Console: colour VGA+ 80x25
[    0.004000] console [tty1] enabled
[    0.004000] console [ttyS0] enabled
[    0.004000] ACPI: Core revision 20170831
[    0.004000] ACPI: 2 ACPI AML tables successfully acquired and loaded
[    0.004000] APIC: Switch to symmetric I/O mode setup
[    0.005685] x2apic enabled
[    0.008019] Switched APIC routing to physical x2apic.
[    0.016000] ..TIMER: vector=0x30 apic1=0 pin1=2 apic2=-1 pin2=-1
[    0.016004] tsc: Detected 3106.924 MHz processor
[    0.019014] Calibrating delay loop (skipped) preset value.. 6213.84 BogoMIPS (lpj=12427696)
[    0.020006] pid_max: default: 32768 minimum: 301
[    0.024046] Security Framework initialized
[    0.026651] Yama: becoming mindful.
[    0.028047] AppArmor: AppArmor initialized
[    0.033307] Dentry cache hash table entries: 131072 (order: 8, 1048576 bytes)
[    0.036770] Inode-cache hash table entries: 65536 (order: 7, 524288 bytes)
[    0.040041] Mount-cache hash table entries: 2048 (order: 2, 16384 bytes)
[    0.044037] Mountpoint-cache hash table entries: 2048 (order: 2, 16384 bytes)
[    0.052091] Last level iTLB entries: 4KB 64, 2MB 8, 4MB 8
[    0.056007] Last level dTLB entries: 4KB 64, 2MB 0, 4MB 0, 1GB 4
[    0.060881] Spectre V1 : Mitigation: usercopy/swapgs barriers and __user pointer sanitization
[    0.064006] Spectre V2 : Mitigation: Retpolines
[    0.068006] Spectre V2 : Spectre v2 / SpectreRSB mitigation: Filling RSB on context switch
[    0.072004] Spectre V2 : Spectre v2 / SpectreRSB : Filling RSB on VMEXIT
[    0.076004] RETBleed: WARNING: Spectre v2 mitigation leaves CPU vulnerable to RETBleed attacks, data leaks possible!
[    0.080005] RETBleed: Vulnerable
[    0.084003] Speculative Store Bypass: Vulnerable
[    0.088107] MDS: Mitigation: Clear CPU buffers
[    0.092004] MMIO Stale Data: Mitigation: Clear CPU buffers
[    0.096019] SRBDS: Unknown: Dependent on hypervisor status
[    0.100178] Freeing SMP alternatives memory: 36K
[    0.216277] smpboot: CPU0: Intel(R) Core(TM) i5-7267U CPU @ 3.10GHz (family: 0x6, model: 0x8e, stepping: 0x9)
[    0.220341] Performance Events: unsupported p6 CPU model 142 no PMU driver, software events only.
[    0.224128] Hierarchical SRCU implementation.
[    0.229325] NMI watchdog: Perf event create on CPU 0 failed with -2
[    0.232005] NMI watchdog: Perf NMI watchdog permanently disabled
[    0.236178] smp: Bringing up secondary CPUs ...
[    0.240692] x86: Booting SMP configuration:
[    0.244007] .... node  #0, CPUs:      #1
[    0.004000] kvm-clock: cpu 1, msr 0:3ff44041, secondary cpu clock
[    0.296121] smp: Brought up 1 node, 2 CPUs
[    0.300043] smpboot: Max logical packages: 1
[    0.304009] smpboot: Total of 2 processors activated (12427.69 BogoMIPS)
[    0.316015] devtmpfs: initialized
[    0.320080] x86/mm: Memory block size: 128MB
[    0.324237] evm: security.selinux
[    0.328005] evm: security.SMACK64
[    0.332005] evm: security.SMACK64EXEC
[    0.336006] evm: security.SMACK64TRANSMUTE
[    0.340003] evm: security.SMACK64MMAP
[    0.344002] evm: security.apparmor
[    0.348003] evm: security.ima
[    0.352003] evm: security.capability
[    0.356219] clocksource: jiffies: mask: 0xffffffff max_cycles: 0xffffffff, max_idle_ns: 7645041785100000 ns
[    0.360033] futex hash table entries: 512 (order: 3, 32768 bytes)
[    0.364115] pinctrl core: initialized pinctrl subsystem
[    0.372003] RTC time: 10:16:24, date: 02/17/24
[    0.376449] NET: Registered protocol family 16
[    0.380083] audit: initializing netlink subsys (disabled)
[    0.384085] audit: type=2000 audit(1708164989.422:1): state=initialized audit_enabled=0 res=1
[    0.388010] cpuidle: using governor ladder
[    0.392011] cpuidle: using governor menu
[    0.396058] ACPI: bus type PCI registered
[    0.400006] acpiphp: ACPI Hot Plug PCI Controller Driver version: 0.5
[    0.408134] PCI: Using configuration type 1 for base access
[    0.416658] HugeTLB registered 2.00 MiB page size, pre-allocated 0 pages
[    0.424365] ACPI: Added _OSI(Module Device)
[    0.428089] ACPI: Added _OSI(Processor Device)
[    0.432119] ACPI: Added _OSI(3.0 _SCP Extensions)
[    0.436006] ACPI: Added _OSI(Processor Aggregator Device)
[    0.440008] ACPI: Added _OSI(Linux-Dell-Video)
[    0.442952] ACPI: Added _OSI(Linux-Lenovo-NV-HDMI-Audio)
[    0.444006] ACPI: Added _OSI(Linux-HPI-Hybrid-Graphics)
[    0.448609] ACPI: Executed 1 blocks of module-level executable AML code
[    0.460000] ACPI: Interpreter enabled
[    0.460020] ACPI: (supports S0 S5)
[    0.464006] ACPI: Using IOAPIC for interrupt routing
[    0.468027] PCI: Using host bridge windows from ACPI; if necessary, use "pci=nocrs" and report a bug
[    0.472237] ACPI: Enabled 2 GPEs in block 00 to 07
[    0.486859] ACPI: PCI Root Bridge [PCI0] (domain 0000 [bus 00-ff])
[    0.488017] acpi PNP0A03:00: _OSC: OS supports [ASPM ClockPM Segments MSI]
[    0.492920] acpi PNP0A03:00: _OSC: not requesting OS control; OS requires [ExtendedConfig ASPM ClockPM MSI]
[    0.496020] acpi PNP0A03:00: fail to add MMCONFIG information, can't access extended PCI configuration space under this bridge.
[    0.501283] PCI host bridge to bus 0000:00
[    0.504005] pci_bus 0000:00: root bus resource [io  0x0000-0x0cf7 window]
[    0.508004] pci_bus 0000:00: root bus resource [io  0x0d00-0xffff window]
[    0.512006] pci_bus 0000:00: root bus resource [mem 0x000a0000-0x000bffff window]
[    0.516007] pci_bus 0000:00: root bus resource [mem 0x40000000-0xfdffffff window]
[    0.520008] pci_bus 0000:00: root bus resource [bus 00-ff]
[    0.532160] pci 0000:00:01.1: legacy IDE quirk: reg 0x10: [io  0x01f0-0x01f7]
[    0.536004] pci 0000:00:01.1: legacy IDE quirk: reg 0x14: [io  0x03f6]
[    0.540007] pci 0000:00:01.1: legacy IDE quirk: reg 0x18: [io  0x0170-0x0177]
[    0.544008] pci 0000:00:01.1: legacy IDE quirk: reg 0x1c: [io  0x0376]
[    0.630580] pci 0000:00:07.0: quirk: [io  0x4000-0x403f] claimed by PIIX4 ACPI
[    0.632041] pci 0000:00:07.0: quirk: [io  0x4100-0x410f] claimed by PIIX4 SMB
[    0.658130] ACPI: PCI Interrupt Link [LNKA] (IRQs 5 9 10 *11)
[    0.660541] ACPI: PCI Interrupt Link [LNKB] (IRQs 5 9 *10 11)
[    0.664277] ACPI: PCI Interrupt Link [LNKC] (IRQs 5 *9 10 11)
[    0.668218] ACPI: PCI Interrupt Link [LNKD] (IRQs 5 9 10 *11)
[    0.672492] SCSI subsystem initialized
[    0.676117] pci 0000:00:02.0: vgaarb: setting as boot VGA device
[    0.680000] pci 0000:00:02.0: vgaarb: VGA device added: decodes=io+mem,owns=io+mem,locks=none
[    0.680007] pci 0000:00:02.0: vgaarb: bridge control possible
[    0.684004] vgaarb: loaded
[    0.686482] ACPI: bus type USB registered
[    0.688020] usbcore: registered new interface driver usbfs
[    0.692034] usbcore: registered new interface driver hub
[    0.696020] usbcore: registered new device driver usb
[    0.700116] EDAC MC: Ver: 3.0.0
[    0.708022] PCI: Using ACPI for IRQ routing
[    0.711946] NetLabel: Initializing
[    0.712003] NetLabel:  domain hash size = 128
[    0.716002] NetLabel:  protocols = UNLABELED CIPSOv4 CALIPSO
[    0.720022] NetLabel:  unlabeled traffic allowed by default
[    0.724235] clocksource: Switched to clocksource kvm-clock
[    0.750951] VFS: Disk quotas dquot_6.6.0
[    0.754774] VFS: Dquot-cache hash table entries: 512 (order 0, 4096 bytes)
[    0.759316] AppArmor: AppArmor Filesystem Enabled
[    0.762909] pnp: PnP ACPI init
[    0.767001] pnp: PnP ACPI: found 3 devices
[    0.789690] clocksource: acpi_pm: mask: 0xffffff max_cycles: 0xffffff, max_idle_ns: 2085701024 ns
[    0.796539] NET: Registered protocol family 2
[    0.799965] IP idents hash table entries: 16384 (order: 5, 131072 bytes)
[    0.804699] TCP established hash table entries: 8192 (order: 4, 65536 bytes)
[    0.810751] TCP bind hash table entries: 8192 (order: 5, 131072 bytes)
[    0.815369] TCP: Hash tables configured (established 8192 bind 8192)
[    0.819557] UDP hash table entries: 512 (order: 2, 16384 bytes)
[    0.824718] UDP-Lite hash table entries: 512 (order: 2, 16384 bytes)
[    0.829904] NET: Registered protocol family 1
[    0.832588] pci 0000:00:00.0: Limiting direct PCI/PCI transfers
[    0.836386] pci 0000:00:01.0: Activating ISA DMA hang workarounds
[    0.841018] pci 0000:00:02.0: Video device with shadowed ROM at [mem 0x000c0000-0x000dffff]
[    0.848301] Unpacking initramfs...
[    1.235510] Freeing initrd memory: 19528K
[    1.239460] clocksource: tsc: mask: 0xffffffffffffffff max_cycles: 0x2cc8d4d25a5, max_idle_ns: 440795340943 ns
[    1.303903] platform rtc_cmos: registered platform RTC device (no PNP device found)
[    1.310980] Scanning for low memory corruption every 60 seconds
[    1.327611] Initialise system trusted keyrings
[    1.334983] Key type blacklist registered
[    1.343193] workingset: timestamp_bits=36 max_order=18 bucket_order=0
[    1.359767] zbud: loaded
[    1.366816] squashfs: version 4.0 (2009/01/31) Phillip Lougher
[    1.382546] fuse init (API version 7.26)
[    1.408983] Key type asymmetric registered
[    1.412385] Asymmetric key parser 'x509' registered
[    1.432815] Block layer SCSI generic (bsg) driver version 0.4 loaded (major 246)
[    1.439888] io scheduler noop registered
[    1.442914] io scheduler deadline registered
[    1.447271] io scheduler cfq registered (default)
[    1.451077] ACPI: AC Adapter [AC] (on-line)
[    1.454457] input: Power Button as /devices/LNXSYSTM:00/LNXPWRBN:00/input/input0
[    1.460320] ACPI: Power Button [PWRF]
[    1.463096] input: Sleep Button as /devices/LNXSYSTM:00/LNXSLPBN:00/input/input1
[    1.468143] ACPI: Sleep Button [SLPF]
[    1.472399] Serial: 8250/16550 driver, 32 ports, IRQ sharing enabled
[    1.474934] ACPI: Battery Slot [BAT0] (battery present)
[    1.507674] 00:02: ttyS0 at I/O 0x3f8 (irq = 4, base_baud = 115200) is a 16550A
[    1.525195] Linux agpgart interface v0.103
[    1.534268] loop: module loaded
[    1.542103] scsi host0: ata_piix
[    1.545965] scsi host1: ata_piix
[    1.548060] ata1: PATA max UDMA/33 cmd 0x1f0 ctl 0x3f6 bmdma 0xd000 irq 14
[    1.552448] ata2: PATA max UDMA/33 cmd 0x170 ctl 0x376 bmdma 0xd008 irq 15
[    1.557919] tun: Universal TUN/TAP device driver, 1.6
[    1.563078] PPP generic driver version 2.4.2
[    1.566598] ehci_hcd: USB 2.0 'Enhanced' Host Controller (EHCI) Driver
[    1.572322] ehci-pci: EHCI PCI platform driver
[    1.576249] ehci-platform: EHCI generic platform driver
[    1.580391] ohci_hcd: USB 1.1 'Open' Host Controller (OHCI) Driver
[    1.584930] ohci-pci: OHCI PCI platform driver
[    1.588085] ohci-platform: OHCI generic platform driver
[    1.592613] uhci_hcd: USB Universal Host Controller Interface driver
[    1.597021] i8042: PNP: PS/2 Controller [PNP0303:PS2K,PNP0f03:PS2M] at 0x60,0x64 irq 1,12
[    1.606342] serio: i8042 KBD port at 0x60,0x64 irq 1
[    1.609753] serio: i8042 AUX port at 0x60,0x64 irq 12
[    1.615149] mousedev: PS/2 mouse device common for all mice
[    1.623900] input: AT Translated Set 2 keyboard as /devices/platform/i8042/serio0/input/input2
[    1.624918] rtc_cmos rtc_cmos: rtc core: registered rtc_cmos as rtc0
[    1.637510] rtc_cmos rtc_cmos: alarms up to one day, 114 bytes nvram
[    1.640908] i2c /dev entries driver
[    1.640908] device-mapper: uevent: version 1.0.3
[    1.651682] device-mapper: ioctl: 4.37.0-ioctl (2017-09-20) initialised: dm-devel@redhat.com
[    1.666790] ledtrig-cpu: registered to indicate activity on CPUs
[    1.678695] NET: Registered protocol family 10
[    1.697669] Segment Routing with IPv6
[    1.701645] NET: Registered protocol family 17
[    1.712426] Key type dns_resolver registered
[    1.749965] mce: Using 0 MCE banks
[    1.803275] RAS: Correctable Errors collector initialized.
[    1.811986] sched_clock: Marking stable (1811916634, 0)->(2632900606, -820983972)
[    1.828456] registered taskstats version 1
[    1.836350] Loading compiled-in X.509 certificates
[    1.855797] Loaded X.509 cert 'Build time autogenerated kernel key: b5b26778eaa3ab3a4a6cee031137706e947d12ad'
[    1.887596] Loaded X.509 cert 'Canonical Ltd. Live Patch Signing: 14df34d1a87cf37625abec039ef2bf521249b969'
[    1.896497] Loaded X.509 cert 'Canonical Ltd. Kernel Module Signing: 88f752e560a1e0737e31163a466ad7b70a850c19'
[    1.915656] blacklist: Loading compiled-in revocation X.509 certificates
[    1.942175] Loaded X.509 cert 'Canonical Ltd. Secure Boot Signing: 61482aa2830d0ab2ad5af10b7250da9033ddcef0'
[    2.026572] Loaded X.509 cert 'Canonical Ltd. Secure Boot Signing (2017): 242ade75ac4a15e50d50c84b0d45ff3eae707a03'
[    2.034752] Loaded X.509 cert 'Canonical Ltd. Secure Boot Signing (ESM 2018): 365188c1d374d6b07c3c8f240f8ef722433d6a8b'
[    2.044209] Loaded X.509 cert 'Canonical Ltd. Secure Boot Signing (2019): c0746fd6c5da3ae827864651ad66ae47fe24b3e8'
[    2.052139] Loaded X.509 cert 'Canonical Ltd. Secure Boot Signing (2021 v1): a8d54bbb3825cfb94fa13c9f8a594a195c107b8d'
[    2.059237] Loaded X.509 cert 'Canonical Ltd. Secure Boot Signing (2021 v2): 4cf046892d6fd3c9a5b03f98d845f90851dc6a8c'
[    2.067808] Loaded X.509 cert 'Canonical Ltd. Secure Boot Signing (2021 v3): 100437bb6de6e469b581e61cd66bce3ef4ed53af'
[    2.076281] Loaded X.509 cert 'Canonical Ltd. Secure Boot Signing (Ubuntu Core 2019): c1d57b8f6b743f23ee41f4f7ee292f06eecadfb9'
[    2.084347] zswap: loaded using pool lzo/zbud
[    2.094007] Key type big_key registered
[    2.097460] Key type trusted registered
[    2.104655] Key type encrypted registered
[    2.107093] AppArmor: AppArmor sha1 policy hashing enabled
[    2.110637] ima: No TPM chip found, activating TPM-bypass! (rc=-19)
[    2.114948] ima: Allocated hash algorithm: sha1
[    2.119385] evm: HMAC attrs: 0x1
[    2.125523]   Magic number: 12:32:275
[    2.145564] tty tty12: hash matches
[    2.168648] edac mc: hash matches
[    2.174891] rtc_cmos rtc_cmos: setting system clock to 2024-02-17 10:16:26 UTC (1708164986)
[    2.182265] BIOS EDD facility v0.16 2004-Jun-25, 0 devices found
[    2.186818] EDD information not available.
[    2.193361] Freeing unused kernel image memory: 2480K
[    2.212985] Write protecting the kernel read-only data: 20480k
[    2.236749] Freeing unused kernel image memory: 2008K
[    2.242542] Freeing unused kernel image memory: 1820K
[    2.262367] x86/mm: Checked W+X mappings: passed, no W+X pages found.
[    2.270690] x86/mm: Checking user space page tables
[    2.282336] x86/mm: Checked W+X mappings: passed, no W+X pages found.
Loading, please wait...
starting version 237
[    2.403994] Fusion MPT base driver 3.04.20
[    2.409141] Copyright (c) 1999-2008 LSI Corporation
[    2.433432] e1000: Intel(R) PRO/1000 Network Driver - version 7.3.21-k8-NAPI
[    2.442537] e1000: Copyright (c) 1999-2006 Intel Corporation.
[    2.459085] AVX2 version of gcm_enc/dec engaged.
[    2.478668] AES CTR mode by8 optimization enabled
[    2.530417] Fusion MPT SPI Host driver 3.04.20
[    2.635648] input: ImExPS/2 Generic Explorer Mouse as /devices/platform/i8042/serio1/input/input4
[    3.155093] e1000 0000:00:03.0 eth0: (PCI:33MHz:32-bit) 02:3b:7b:b7:3b:2d
[    3.160951] e1000 0000:00:03.0 eth0: Intel(R) PRO/1000 Network Connection
[    3.170767] mptbase: ioc0: Initiating bringup
[    3.281634] ioc0: LSI53C1030 A0: Capabilities={Initiator}
[    3.535912] scsi host2: ioc0: LSI53C1030 A0, FwRev=00000000h, Ports=1, MaxQ=256, IRQ=20
[    3.714069] scsi 2:0:0:0: Direct-Access     VBOX     HARDDISK         1.0  PQ: 0 ANSI: 5
[    3.848074] scsi target2:0:0: Beginning Domain Validation
[    3.859802] scsi target2:0:0: Domain Validation skipping write tests
[    3.876292] scsi target2:0:0: Ending Domain Validation
[    3.883018] scsi target2:0:0: asynchronous
[    3.898394] scsi 2:0:1:0: Direct-Access     VBOX     HARDDISK         1.0  PQ: 0 ANSI: 5
[    4.244081] scsi target2:0:1: Beginning Domain Validation
[    4.254234] scsi target2:0:1: Domain Validation skipping write tests
[    4.259495] scsi target2:0:1: Ending Domain Validation
[    4.264645] scsi target2:0:1: asynchronous
[    4.283042] sd 2:0:0:0: Attached scsi generic sg0 type 0
[    4.287807] sd 2:0:0:0: [sda] 83886080 512-byte logical blocks: (42.9 GB/40.0 GiB)
[    4.300017] sd 2:0:1:0: Attached scsi generic sg1 type 0
[    4.308533] sd 2:0:0:0: [sda] Write Protect is off
[    4.355745] sd 2:0:1:0: [sdb] 20480 512-byte logical blocks: (10.5 MB/10.0 MiB)
[    4.356759] sd 2:0:0:0: [sda] Incomplete mode parameter data
[    4.402099] sd 2:0:0:0: [sda] Assuming drive cache: write through
[    4.412960] sd 2:0:1:0: [sdb] Write Protect is off
[    4.418429] sd 2:0:1:0: [sdb] Incomplete mode parameter data
[    4.423902] sd 2:0:1:0: [sdb] Assuming drive cache: write through
[    4.433924] e1000 0000:00:08.0 eth1: (PCI:33MHz:32-bit) 08:00:27:72:10:83
[    4.434750]  sda: sda1
[    4.445314] e1000 0000:00:08.0 eth1: Intel(R) PRO/1000 Network Connection
[    4.457159] sd 2:0:0:0: [sda] Attached SCSI disk
[    4.465059] sd 2:0:1:0: [sdb] Attached SCSI disk
[    4.471024] e1000 0000:00:08.0 enp0s8: renamed from eth1
[    4.485275] e1000 0000:00:03.0 enp0s3: renamed from eth0
Begin: Loading essential drivers ... [    7.040157] raid6: sse2x1   gen()  8074 MB/s
[    7.092918] raid6: sse2x1   xor()  7466 MB/s
[    7.144381] raid6: sse2x2   gen() 11967 MB/s
[    7.196121] raid6: sse2x2   xor()  6937 MB/s
[    7.248197] raid6: sse2x4   gen()  6988 MB/s
[    7.303387] raid6: sse2x4   xor()  5784 MB/s
[    7.356637] raid6: avx2x1   gen() 18613 MB/s
[    7.408718] raid6: avx2x1   xor() 12781 MB/s
[    7.456790] raid6: avx2x2   gen() 21769 MB/s
[    7.509066] raid6: avx2x2   xor() 14315 MB/s
[    7.560057] raid6: avx2x4   gen() 22035 MB/s
[    7.608050] raid6: avx2x4   xor() 13604 MB/s
[    7.611571] raid6: using algorithm avx2x4 gen() 22035 MB/s
[    7.617100] raid6: .... xor() 13604 MB/s, rmw enabled
[    7.621421] raid6: using avx2x2 recovery algorithm
[    7.626220] xor: automatically using best checksumming function   avx       
[    7.634166] async_tx: api initialized (async)
done.
Begin: Running /scripts/init-premount ... done.
Begin: Mounting root file system ... Begin: Running /scripts/local-top ... done.
Begin: Running /scripts/local-premount ... [    7.706563] Btrfs loaded, crc32c=crc32c-intel
Scanning for Btrfs filesystems
done.
Warning: fsck not present, so skipping root file system
[    7.781536] EXT4-fs (sda1): mounted filesystem with ordered data mode. Opts: (null)
done.
Begin: Running /scripts/local-bottom ... done.
Begin: Running /scripts/init-bottom ... done.
[    8.424148] ip_tables: (C) 2000-2006 Netfilter Core Team
[    8.479165] systemd[1]: systemd 237 running in system mode. (+PAM +AUDIT +SELINUX +IMA +APPARMOR +SMACK +SYSVINIT +UTMP +LIBCRYPTSETUP +GCRYPT +GNUTLS +ACL +XZ +LZ4 +SECCOMP +BLKID +ELFUTILS +KMOD -IDN2 +IDN -PCRE2 default-hierarchy=hybrid)
[    8.502968] systemd[1]: Detected virtualization oracle.
[    8.508564] systemd[1]: Detected architecture x86-64.

Welcome to [1mUbuntu 18.04.6 LTS[0m!

[    8.534629] systemd[1]: Set hostname to <ubuntu>.
[    8.548050] systemd[1]: Initializing machine ID from random generator.
[    8.554936] systemd[1]: Installed transient /etc/machine-id file.
[    9.285056] systemd[1]: Reached target User and Group Name Lookups.
[[0;32m  OK  [0m] Reached target User and Group Name Lookups.
[    9.296161] systemd[1]: Started Forward Password Requests to Wall Directory Watch.
[[0;32m  OK  [0m] Started Forward Password Requests to Wall Directory Watch.
[    9.304446] systemd[1]: Reached target Swap.
[[0;32m  OK  [0m] Reached target Swap.
[    9.311609] systemd[1]: Reached target Mounting snaps.
[[0;32m  OK  [0m] Reached target Mounting snaps.
[[0;32m  OK  [0m] Reached target Mounted snaps.
[[0;32m  OK  [0m] Set up automount Arbitrary Executab…rmats File System Automount Point.
[[0;32m  OK  [0m] Reached target System Time Synchronized.
[[0;32m  OK  [0m] Created slice System Slice.
[[0;32m  OK  [0m] Listening on fsck to fsckd communication Socket.
[[0;32m  OK  [0m] Listening on /dev/initctl Compatibility Named Pipe.
[[0;32m  OK  [0m] Listening on Journal Socket.
         Starting Create list of required st…ce nodes for the current kernel...
[[0;32m  OK  [0m] Created slice system-serial\x2dgetty.slice.
         Mounting POSIX Message Queue File System...
[[0;32m  OK  [0m] Listening on Device-mapper event daemon FIFOs.
         Mounting Kernel Debug File System...
         Starting Load Kernel Modules...
         Starting Uncomplicated firewall...
         Starting File System Check on Root Device...
[[0;32m  OK  [0m] Listening on Network Service Netlink Socket.
[[0;32m  OK  [0m] Listening on LVM2 poll daemon socket.
[[0;32m  OK  [0m] Listening on Journal Audit Socket.
         Mounting Huge Pages File System...
[[0;32m  OK  [0m] Listening on udev Control Socket.
[[0;32m  OK  [0m] Listening on Syslog Socket.
[[0;32m  OK  [0m] Listening on LVM2 metadata daemon socket.
[    9.431559] Loading iSCSI transport class v2.0-870.
         Starting Monitoring of LVM2 mirrors…ng dmeventd or progress polling...
[[0;32m  OK  [0m] Listening on udev Kernel Socket.
         Starting udev Coldplug all Devices...
         Starting Set the console keyboard layout...
[[0;32m  OK  [0m] Created slice User and Session Slice.
[[0;32m  OK  [0m] Reached target Slices.
[[0;32m  OK  [0m] Listening on Journal Socket (/dev/log).
         Starting Journal Service...
[[0;32m  OK  [0m] Started Create list of required sta…vice nodes for the current kernel.
[[0;32m  OK  [0m] Mounted POSIX Message Queue File System.
[[0;32m  OK  [0m] Mounted Kernel Debug File System.
[[0;32m  OK  [0m] Started Uncomplicated firewall.
[[0;32m  OK  [0m] Mounted Huge Pages File System.
[[0;32m  OK  [0m] Started File System Check Daemon to report status.
         Starting Create Static Device Nodes in /dev...
[    9.576970] iscsi: registered transport (tcp)
[[0;32m  OK  [0m] Started Journal Service.
[[0;32m  OK  [0m] Started udev Coldplug all Devices.
[[0;32m  OK  [0m] Started LVM2 metadata daemon.
[[0;32m  OK  [0m] Started Create Static Device Nodes in /dev.
[[0;32m  OK  [0m] Started File System Check on Root Device.
         Starting Remount Root and Kernel File Systems...
[    9.964542] iscsi: registered transport (iser)
[[0;32m  OK  [0m] Started Load Kernel Modules.
         Mounting FUSE Control File System...
         Mounting Kernel Configuration File System...
         Starting Apply Kernel Variables...
[[0;32m  OK  [0m] Mounted FUSE Control File System.
[[0;32m  OK  [0m] Mounted Kernel Configuration File System.
[   10.021984] EXT4-fs (sda1): re-mounted. Opts: (null)
[[0;32m  OK  [0m] Started Remount Root and Kernel File Systems.
         Starting udev Kernel Device Manager...
         Starting Flush Journal to Persistent Storage...
         Starting Load/Save Random Seed...
[[0;32m  OK  [0m] Started Monitoring of LVM2 mirrors,…sing dmeventd or progress polling.
[[0;32m  OK  [0m] Started udev Kernel Device Manager.
[[0;32m  OK  [0m] Started Load/Save Random Seed.
[[0;32m  OK  [0m] Started Apply Kernel Variables.
[[0;32m  OK  [0m] Started Flush Journal to Persistent Storage.
[[0;32m  OK  [0m] Found device /dev/ttyS0.
[[0;32m  OK  [0m] Listening on Load/Save RF Kill Switch Status /dev/rfkill Watch.
         Mounting Arbitrary Executable File Formats File System...
[[0;32m  OK  [0m] Mounted Arbitrary Executable File Formats File System.
[[0;32m  OK  [0m] Started Set the console keyboard layout.
[[0;32m  OK  [0m] Started Dispatch Password Requests to Console Directory Watch.
[[0;32m  OK  [0m] Reached target Local Encrypted Volumes.
[[0;32m  OK  [0m] Reached target Local File Systems (Pre).
[[0;32m  OK  [0m] Reached target Local File Systems.
         Starting Tell Plymouth To Write Out Runtime Data...
         Starting ebtables ruleset management...
         Starting Commit a transient machine-id on disk...
         Starting Create Volatile Files and Directories...
         Starting AppArmor initialization...
         Starting Set console font and keymap...
[[0;32m  OK  [0m] Started Tell Plymouth To Write Out Runtime Data.
[[0;32m  OK  [0m] Started Create Volatile Files and Directories.
         Starting Update UTMP about System Boot/Shutdown...
[[0;32m  OK  [0m] Started Update UTMP about System Boot/Shutdown.
[[0;32m  OK  [0m] Started Commit a transient machine-id on disk.
[[0;32m  OK  [0m] Started ebtables ruleset management.
[[0;32m  OK  [0m] Started AppArmor initialization.
         Starting Load AppArmor profiles managed internally by snapd...
         Starting Initial cloud-init job (pre-networking)...
[[0;32m  OK  [0m] Started Load AppArmor profiles managed internally by snapd.
[[0;32m  OK  [0m] Started Set console font and keymap.
[   17.364884] cloud-init[880]: Cloud-init v. 23.1.2-0ubuntu0~18.04.1 running 'init-local' at Sat, 17 Feb 2024 10:16:41 +0000. Up 16.83 seconds.
[[0;32m  OK  [0m] Started Initial cloud-init job (pre-networking).
[[0;32m  OK  [0m] Reached target Network (Pre).
         Starting Network Service...
[[0;32m  OK  [0m] Started Network Service.
         Starting Wait for Network to be Configured...
         Starting Network Name Resolution...
[[0;32m  OK  [0m] Started Network Name Resolution.
[[0;32m  OK  [0m] Reached target Host and Network Name Lookups.
[[0;32m  OK  [0m] Reached target Network.
[[0;32m  OK  [0m] Started Wait for Network to be Configured.
         Starting Initial cloud-init job (metadata service crawler)...
[   20.061604] cloud-init[1067]: Cloud-init v. 23.1.2-0ubuntu0~18.04.1 running 'init' at Sat, 17 Feb 2024 10:16:44 +0000. Up 19.87 seconds.
[   20.070957] cloud-init[1067]: ci-info: ++++++++++++++++++++++++++++++++++++++Net device info+++++++++++++++++++++++++++++++++++++++
[   20.078965] cloud-init[1067]: ci-info: +--------+-------+----------------------------+---------------+--------+-------------------+
[   20.087546] cloud-init[1067]: ci-info: | Device |   Up  |          Address           |      Mask     | Scope  |     Hw-Address    |
[   20.094103] cloud-init[1067]: ci-info: +--------+-------+----------------------------+---------------+--------+-------------------+
[   20.100911] cloud-init[1067]: ci-info: | enp0s3 |  True |         10.0.2.15          | 255.255.255.0 | global | 02:3b:7b:b7:3b:2d |
[   20.121290] cloud-init[1067]: ci-info: | enp0s3 |  True | fe80::3b:7bff:feb7:3b2d/64 |       .       |  link  | 02:3b:7b:b7:3b:2d |
[   20.126076] cloud-init[1067]: ci-info: | enp0s8 | False |             .              |       .       |   .    | 08:00:27:72:10:83 |
[   20.130172] cloud-init[1067]: ci-info: |   lo   |  True |         127.0.0.1          |   255.0.0.0   |  host  |         .         |
[   20.135573] cloud-init[1067]: ci-info: |   lo   |  True |          ::1/128           |       .       |  host  |         .         |
[   20.140931] cloud-init[1067]: ci-info: +--------+-------+----------------------------+---------------+--------+-------------------+
[   20.145694] cloud-init[1067]: ci-info: ++++++++++++++++++++++++++++Route IPv4 info+++++++++++++++++++++++++++++
[   20.150178] cloud-init[1067]: ci-info: +-------+-------------+----------+-----------------+-----------+-------+
[   20.153854] cloud-init[1067]: ci-info: | Route | Destination | Gateway  |     Genmask     | Interface | Flags |
[   20.158188] cloud-init[1067]: ci-info: +-------+-------------+----------+-----------------+-----------+-------+
[   20.162824] cloud-init[1067]: ci-info: |   0   |   0.0.0.0   | 10.0.2.2 |     0.0.0.0     |   enp0s3  |   UG  |
[   20.167556] cloud-init[1067]: ci-info: |   1   |   10.0.2.0  | 0.0.0.0  |  255.255.255.0  |   enp0s3  |   U   |
[   20.172843] cloud-init[1067]: ci-info: |   2   |   10.0.2.2  | 0.0.0.0  | 255.255.255.255 |   enp0s3  |   UH  |
[   20.177672] cloud-init[1067]: ci-info: +-------+-------------+----------+-----------------+-----------+-------+
[   20.182089] cloud-init[1067]: ci-info: +++++++++++++++++++Route IPv6 info+++++++++++++++++++
[   20.192641] cloud-init[1067]: ci-info: +-------+-------------+---------+-----------+-------+
[   20.209783] cloud-init[1067]: ci-info: | Route | Destination | Gateway | Interface | Flags |
[   20.215510] cloud-init[1067]: ci-info: +-------+-------------+---------+-----------+-------+
[   20.221296] cloud-init[1067]: ci-info: |   1   |  fe80::/64  |    ::   |   enp0s3  |   U   |
[   20.224726] cloud-init[1067]: ci-info: |   3   |    local    |    ::   |   enp0s3  |   U   |
[   20.227465] cloud-init[1067]: ci-info: |   4   |   ff00::/8  |    ::   |   enp0s3  |   U   |
[   20.230629] cloud-init[1067]: ci-info: +-------+-------------+---------+-----------+-------+
[   21.138253] cloud-init[1067]: Generating public/private rsa key pair.
[   21.165629] cloud-init[1067]: Your identification has been saved in /etc/ssh/ssh_host_rsa_key.
[   21.175041] cloud-init[1067]: Your public key has been saved in /etc/ssh/ssh_host_rsa_key.pub.
[   21.180182] cloud-init[1067]: The key fingerprint is:
[   21.183770] cloud-init[1067]: SHA256:XW0x35n2vIoSSNOEnsNIlR0aYE9C8clUwg4bGx5Xqdg root@ubuntu-bionic
[   21.192905] cloud-init[1067]: The key's randomart image is:
[   21.196485] cloud-init[1067]: +---[RSA 2048]----+
[   21.199458] cloud-init[1067]: |    .*=**+o   o  |
[   21.212245] cloud-init[1067]: |    .*B==+   . ++|
[[0;32m  OK  [0m] Started Initial cloud-init job (metadata service crawler).
[   21.234132] cloud-init[1067]: |    o /*=   . o+o|
[[0;32m  OK  [0m] Reached target Cloud-config availability.
[[0;32m  OK  [0m] Reached target System Initialization.
[[0;32m  OK  [0m] Listening on Open-iSCSI iscsid Socket.
[   21.245724] cloud-init[1067]: |     * E o . ....|
[[0;32m  OK  [0m] Started Message of the Day.
[   21.275595] cloud-init[1067]: |      . S .     o|
[   21.278570]          Starting LXD - unix socket.
         Starting Socket activation for snappy daemon.
[[0;32m  OK  [0m] Started Daily Cleanup of Temporary Directories.
[[0;32m  OK  [0m] Started Discard unused blocks once a week.
[[0;32m  OK  [0m] Listening on ACPID Listen Socket.cloud-init[1067]: |       . .      .|

[[0;32m  OK  [0m] Started Ubuntu Advantage Timer for running repeated jobs.
[[0;32m  OK  [0m] Listening on D-Bus System Message Bus Socket.
[[0;32m  OK  [0m] Listening on UUID daemon activation socket.
[[0;32m  OK  [0m] Started ACPI Events Check.
[[   21.326638] cloud-init[1067]: |          .    . |
[   21.329186] cloud-init[1067]: |         .  . .  |
[   21.330271] cloud-init[1067]: |          .. .   |
[   21.331371] cloud-init[1067]: +----[SHA256]-----+
[   21.331751] cloud-init[1067]: Generating public/private dsa key pair.
[   21.332399] cloud-init[1067]: Your identification has been saved in /etc/ssh/ssh_host_dsa_key.
[   21.333232] cloud-init[1067]: Your public key has been saved in /etc/ssh/ssh_host_dsa_key.pub.
[   21.333585] cloud-init[1067]: The key fingerprint is:
[   21.334877] cloud-init[1067]: SHA256:hwoymuX57Mn8sFb5sYthI/QCG47H70Jzsvjx9Q+pLTY root@ubuntu-bionic
[   21.335173] cloud-init[1067]: The key's randomart image is:
[   21.335535] cloud-init[1067]: +---[DSA 1024]----+
[   21.335582] cloud-init[1067]: |                 |
[0;32m  OK  [0m] Reached target Paths.
[   21.335616] cloud-init[1067]: |                 |
[[   21.366244] [0;32m  OK  [0mcloud-init] [1067]: Started Daily apt download activities.|                 |

[[   21.371686] cloud-init[1067]: |         .       |
[   21.372346] cloud-init[1067]: |  * o  .S .      |
[   21.373543] cloud-init[1067]: | O+O.oo..o       |
[0;32m  OK  [0m] Started Daily apt upgrade and clean activities.
[[   21.374327] [0;32m  OK  [0mcloud-init] [1067]: Reached target Timers.|+oO=+.B.oo       |

[[0;32m  OK  [0m] Listening on cloud-init hotplug hook socket.
[[0;32m  OK  [0m[   21.406653] cloud-init[1067]: |..oO.OEBo.       |
[   21.409777] cloud-init[1067]: | ..=%o+o+o.      |
] Reached target Network is Online.
[   21.410636] cloud-init[1067]: +----[SHA256]-----+
[   21.418638] cloud-init[1067]: Generating public/private ecdsa key pair.
[   21.422578] cloud-init[1067]: Your identification has been saved in /etc/ssh/ssh_host_ecdsa_key.
         Starting Availability of block devices...
[[0;32m  OK  [0m] Reached target Remote File Systems (Pre).
[[0;32m  OK  [0m] Reached target Remote File Systems.
[[0;32m  OK  [0m] Listening on LXD - unix socket.
[[0;32m  OK  [0m] Listening on Socket activation for snappy daemon.
[[0;32m  OK  [0m[   21.442696] cloud-init[1067]: Your public key has been saved in /etc/ssh/ssh_host_ecdsa_key.pub.
[   21.443256] cloud-init[1067]: The key fingerprint is:
[   21.444424] cloud-init[1067]: SHA256:M0avkCC34wwrr1tVCV8+B/gKm1xufMg4ZKHzIV3V4aE root@ubuntu-bionic
] Started Availability of block devices.
[[0;32m  OK  [0m] Reached target Sockets.
[[0;32m  OK  [0m] Reached target Basic System.
[   21.444864]          Starting System Logging Service...
cloud-init[1067]: [[0;32m  OK  [0m] Started Deferred execution scheduler.
The key's randomart image is:
[   21.464414] [[0;32m  OK  [0m] Started D-Bus System Message Bus.
cloud-init[1067]: +---[ECDSA 256]---+
[   21.474551] cloud-init[1067]: |    .  o+.o.     |
[   21.478613] cloud-init[1067]: |    .oo+ +..     |
[   21.493918] cloud-init[1067]: |  .ooo+.E o      |
[   21.498245] cloud-init[1067]: |  +o*+.o.+       |
[   21.502656] cloud-init[1067]: |  .B+@ooS .      |
[   21.507634] cloud-init[1067]: |   *B.Bo.+       |
[   21.511383] cloud-init[1067]: |. o oo ..        |
[   21.513578] cloud-init[1067]: | +               |
[   21.516371] cloud-init[1067]: |oo.              |
[   21.528992] cloud-init[1067]: +----[SHA256]-----+
[   21.531911] cloud-init[1067]: Generating public/private ed25519 key pair.
[   21.550290] cloud-init[1067]: Your identification has been saved in /etc/ssh/ssh_host_ed25519_key.
[   21.554439] cloud-init[1067]: Your public key has been saved in /etc/ssh/ssh_host_ed25519_key.pub.
[   21.564771] cloud-init[1067]: The key fingerprint is:
[   21.581991] cloud-init[1067]: SHA256:giKZbyHRfojth5AyIH88tLLJLJG7C/PuL6nzR+pTvi8 root@ubuntu-bionic
[[0;32m  OK  [0m] Started irqbalance daemon.
[   21.591103] cloud-init[1067]: The key's randomart image is:
         Starting Accounts Service...
[   21.611908] cloud-init[1067]: +--[ED25519 256]--+
[   21.620058] cloud-init[1067]: |                 |
[   21.622436] cloud-init[1067]: | .               |
[   21.624649] cloud-init[1067]: |+ . .            |
[   21.627718] cloud-init[1067]: |o@ + o           |
[   21.645479] cloud-init[1067]: |& O B . S        |
[   21.648249] cloud-init[1067]: |.% Xo. .         |
         Starting Snap Daemon...
[   21.663252] cloud-init[1067]: |= X*.            |
         Starting LXD - container startup/shutdown...
[   21.685477] cloud-init[1067]: |o*=.E            |
[   21.695699] cloud-init[1067]: |+O*=o+.          |
[   21.699053] cloud-init[1067]: +----[SHA256]-----+
         Starting Dispatcher daemon for systemd-networkd...
         Starting Virtualbox guest utils...
[[0;32m  OK  [0m] Started Regular background program processing daemon.
         Starting LSB: Record successful boot for GRUB...
         Starting Pollinate to seed the pseudo random number generator...
         Starting LSB: automatic crash report generation...
[[0;32m  OK  [0m] Reached target Login Prompts (Pre).
         Starting Login Service...
         Starting Permit User Sessions...
[[0;32m  OK  [0m] Started FUSE filesystem for LXC.
[[0;32m  OK  [0m] Started System Logging Service.
[[0;32m  OK  [0m] Started Permit User Sessions.
[[0;32m  OK  [0m] Started Login Service.
[[0;32m  OK  [0m] Started Unattended Upgrades Shutdown.
         Starting Terminate Plymouth Boot Screen...
         Starting Hold until boot process finishes up...
         Starting Authorization Manager...
[[0;32m  OK  [0m] Started Hold until boot process finishes up.
         Starting Set console scheme...
[[0;32m  OK  [0m] Started Serial Getty on ttyS0.
[[0;32m  OK  [0m] Started Terminate Plymouth Boot Screen.
[[0;32m  OK  [0m] Started Set console scheme.
[[0;32m  OK  [0m] Started LSB: automatic crash report generation.
[[0;32m  OK  [0m] Started LXD - container startup/shutdown.
[[0;32m  OK  [0m] Started LSB: Record successful boot for GRUB.
[[0;32m  OK  [0m] Created slice system-getty.slice.
[[0;32m  OK  [0m] Started Getty on tty1.
[[0;32m  OK  [0m] Reached target Login Prompts.
[[0;32m  OK  [0m] Started Authorization Manager.
[[0;32m  OK  [0m] Started Accounts Service.
[[0;32m  OK  [0m] Started Virtualbox guest utils.
[[0;32m  OK  [0m] Started Dispatcher daemon for systemd-networkd.
[[0;32m  OK  [0m] Started Snap Daemon.
         Starting Wait until snapd is fully seeded...
[[0;32m  OK  [0m] Started Pollinate to seed the pseudo random number generator.
         Starting OpenBSD Secure Shell server...
[[0;32m  OK  [0m] Started OpenBSD Secure Shell server.
         Starting Time & Date Service...
[[0;32m  OK  [0m] Started Time & Date Service.
[[0;32m  OK  [0m] Started Wait until snapd is fully seeded.
         Starting Apply the settings specified in cloud-config...
[[0;32m  OK  [0m] Created slice User Slice of vagrant.
         Starting User Manager for UID 1000...
[[0;32m  OK  [0m] Started Session 1 of user vagrant.
[[0;32m  OK  [0m] Started User Manager for UID 1000.
[   28.010319] cloud-init[1665]: Cloud-init v. 23.1.2-0ubuntu0~18.04.1 running 'modules:config' at Sat, 17 Feb 2024 10:16:51 +0000. Up 27.08 seconds.

Ubuntu 18.04.6 LTS ubuntu-bionic ttyS0

ubuntu-bionic login: ci-info: no authorized SSH keys fingerprints found for user ubuntu.
<14>Feb 17 10:16:53 cloud-init: #############################################################
<14>Feb 17 10:16:53 cloud-init: -----BEGIN SSH HOST KEY FINGERPRINTS-----
<14>Feb 17 10:16:53 cloud-init: 1024 SHA256:hwoymuX57Mn8sFb5sYthI/QCG47H70Jzsvjx9Q+pLTY root@ubuntu-bionic (DSA)
<14>Feb 17 10:16:53 cloud-init: 256 SHA256:M0avkCC34wwrr1tVCV8+B/gKm1xufMg4ZKHzIV3V4aE root@ubuntu-bionic (ECDSA)
<14>Feb 17 10:16:54 cloud-init: 256 SHA256:giKZbyHRfojth5AyIH88tLLJLJG7C/PuL6nzR+pTvi8 root@ubuntu-bionic (ED25519)
<14>Feb 17 10:16:54 cloud-init: 2048 SHA256:XW0x35n2vIoSSNOEnsNIlR0aYE9C8clUwg4bGx5Xqdg root@ubuntu-bionic (RSA)
<14>Feb 17 10:16:54 cloud-init: -----END SSH HOST KEY FINGERPRINTS-----
<14>Feb 17 10:16:54 cloud-init: #############################################################
-----BEGIN SSH HOST KEY KEYS-----
ecdsa-sha2-nistp256 AAAAE2VjZHNhLXNoYTItbmlzdHAyNTYAAAAIbmlzdHAyNTYAAABBBEo3PtVsznjWuPE1YBmgMsZ+10OPMhpenUipwPZz9i1QWa/859BTmqR96zm83MvA3uwKiiyUiD5+Oy+iZkvc/0s= root@ubuntu-bionic
ssh-ed25519 AAAAC3NzaC1lZDI1NTE5AAAAIDEvWsX/EoOTYCwVl1WGhvVlET3ZT4+OKLIofB4FsgsH root@ubuntu-bionic
ssh-rsa AAAAB3NzaC1yc2EAAAADAQABAAABAQCxloRe4WU/i1LgefqthKheilRC4E8KTxCC4eohisThfzWJJANDJuWKJjg/BL6uGoXkKi1gIIhULducOeR/sb1K/5v6DPq0t1/PShSgA6GN5gK6X3u/YUjqHNLHeJn0I2IaqXY/wc16TMgZPhWyIG1eFyVPfkqaQXzKCivkymQazqNzEO6k+RdM3tomAltUReVO8W8vKUHtJDIu+KxnotO9WP/GLNDXC1/2MVDSVVjSwwrKyGneB2/iwoZoHlldqoTRnTBCBB16/k4brAgSzPNuCOhVkTi711tqE66ctI49GWgPhqdTHiniMc5dClbwpZJOPZ2MoseZgOAUo2ArHRQh root@ubuntu-bionic
-----END SSH HOST KEY KEYS-----
[   29.761019] cloud-init[1788]: Cloud-init v. 23.1.2-0ubuntu0~18.04.1 running 'modules:final' at Sat, 17 Feb 2024 10:16:53 +0000. Up 29.25 seconds.
[   29.763679] cloud-init[1788]: Cloud-init v. 23.1.2-0ubuntu0~18.04.1 finished at Sat, 17 Feb 2024 10:16:54 +0000. Datasource DataSourceNoCloud [seed=/dev/sdb][dsmode=net].  Up 29.71 seconds
